<?xml version="1.0" encoding="UTF-8"?>
<testsuite name="ClientTest" tests="5" skipped="0" failures="0" errors="0" timestamp="2016-05-06T19:01:54" hostname="Lakis-Air.clients.ad.pcc.edu" time="0.308">
  <properties/>
  <testcase name="getName_clientInstantiatesWithName_String" classname="ClientTest" time="0.202"/>
  <testcase name="equals_returnsTrueIfStylistsAretheSame" classname="ClientTest" time="0.011"/>
  <testcase name="Client_instantiatesCorrectly_true" classname="ClientTest" time="0.012"/>
  <testcase name="save_assignsIdToObject" classname="ClientTest" time="0.064"/>
  <testcase name="allClients_emptyAtFirst" classname="ClientTest" time="0.019"/>
  <system-out><![CDATA[]]></system-out>
  <system-err><![CDATA[]]></system-err>
</testsuite>
