<?xml version="1.0" encoding="UTF-8"?>
<testsuite name="ClientTest" tests="8" skipped="0" failures="0" errors="0" timestamp="2016-05-06T19:20:54" hostname="Lakis-Air.clients.ad.pcc.edu" time="0.383">
  <properties/>
  <testcase name="find_findsClientInDatabase_true" classname="ClientTest" time="0.235"/>
  <testcase name="save_savesStylistIdIntoDB_true" classname="ClientTest" time="0.043"/>
  <testcase name="getName_clientInstantiatesWithName_String" classname="ClientTest" time="0.009"/>
  <testcase name="equals_returnsTrueIfStylistsAretheSame" classname="ClientTest" time="0.01"/>
  <testcase name="Client_instantiatesCorrectly_true" classname="ClientTest" time="0.009"/>
  <testcase name="save_assignsIdToObject" classname="ClientTest" time="0.029"/>
  <testcase name="save_returnsTrueTheSame" classname="ClientTest" time="0.025"/>
  <testcase name="allClients_emptyAtFirst" classname="ClientTest" time="0.021"/>
  <system-out><![CDATA[]]></system-out>
  <system-err><![CDATA[]]></system-err>
</testsuite>
