<?xml version="1.0" encoding="UTF-8"?>
<testsuite name="StylistTest" tests="8" skipped="0" failures="0" errors="0" timestamp="2016-05-17T16:57:23" hostname="epicodus-67.local" time="0.086">
  <properties/>
  <testcase name="allStylists_emptyAtFirst" classname="StylistTest" time="0.008"/>
  <testcase name="getName_clientInstantiatesWithName_String" classname="StylistTest" time="0.005"/>
  <testcase name="Stylist_instantiatesCorrectly_true" classname="StylistTest" time="0.004"/>
  <testcase name="equals_returnsTrueIfStylistAretheSame" classname="StylistTest" time="0.005"/>
  <testcase name="find_findsStylistInDatabase_true" classname="StylistTest" time="0.014"/>
  <testcase name="save_assignsIdToObject" classname="StylistTest" time="0.013"/>
  <testcase name="getClients_retrievesALlClientsFromDatabase_tasksList" classname="StylistTest" time="0.023"/>
  <testcase name="save_returnsTrueTheSame" classname="StylistTest" time="0.013"/>
  <system-out><![CDATA[]]></system-out>
  <system-err><![CDATA[]]></system-err>
</testsuite>
